CRITICAL - 2025-05-14 01:15:16 --> CodeIgniter\View\Exceptions\ViewException: Invalid file: "$content.php"
[Method: GET, Route: template]
in SYSTEMPATH\Exceptions\FrameworkException.php on line 39.
 1 SYSTEMPATH\View\View.php(212): CodeIgniter\Exceptions\FrameworkException::forInvalidFile('$content.php')
 2 SYSTEMPATH\Common.php(1173): CodeIgniter\View\View->render('$content', [], true)
 3 APPPATH\Views\template.php(366): view('$content')
 4 SYSTEMPATH\View\View.php(224): include('E:\\Development\\Laragon\\laragon\\www\\frame-igni\\app\\Views\\template.php')
 5 SYSTEMPATH\View\View.php(227): CodeIgniter\View\View->CodeIgniter\View\{closure}()
 6 SYSTEMPATH\Common.php(1173): CodeIgniter\View\View->render('template', [], true)
 7 APPPATH\Controllers\Template.php(7): view('template')
 8 SYSTEMPATH\CodeIgniter.php(933): App\Controllers\Template->index()
 9 SYSTEMPATH\CodeIgniter.php(507): CodeIgniter\CodeIgniter->runController(Object(App\Controllers\Template))
10 SYSTEMPATH\CodeIgniter.php(354): CodeIgniter\CodeIgniter->handleRequest(null, Object(Config\Cache), false)
11 SYSTEMPATH\Boot.php(334): CodeIgniter\CodeIgniter->run()
12 SYSTEMPATH\Boot.php(67): CodeIgniter\Boot::runCodeIgniter(Object(CodeIgniter\CodeIgniter))
13 FCPATH\index.php(56): CodeIgniter\Boot::bootWeb(Object(Config\Paths))
CRITICAL - 2025-05-14 01:15:23 --> CodeIgniter\View\Exceptions\ViewException: Invalid file: "v_mahasiswa.php"
[Method: GET, Route: mahasiswa]
in SYSTEMPATH\Exceptions\FrameworkException.php on line 39.
 1 SYSTEMPATH\View\View.php(212): CodeIgniter\Exceptions\FrameworkException::forInvalidFile('v_mahasiswa.php')
 2 SYSTEMPATH\Common.php(1173): CodeIgniter\View\View->render('v_mahasiswa', [], true)
 3 APPPATH\Controllers\Mahasiswa.php(11): view('v_mahasiswa', [...])
 4 SYSTEMPATH\CodeIgniter.php(933): App\Controllers\Mahasiswa->index()
 5 SYSTEMPATH\CodeIgniter.php(507): CodeIgniter\CodeIgniter->runController(Object(App\Controllers\Mahasiswa))
 6 SYSTEMPATH\CodeIgniter.php(354): CodeIgniter\CodeIgniter->handleRequest(null, Object(Config\Cache), false)
 7 SYSTEMPATH\Boot.php(334): CodeIgniter\CodeIgniter->run()
 8 SYSTEMPATH\Boot.php(67): CodeIgniter\Boot::runCodeIgniter(Object(CodeIgniter\CodeIgniter))
 9 FCPATH\index.php(56): CodeIgniter\Boot::bootWeb(Object(Config\Paths))
CRITICAL - 2025-05-14 01:40:21 --> ErrorException: Undefined variable $content
[Method: GET, Route: template]
in APPPATH\Views\template.php on line 279.
 1 APPPATH\Views\template.php(279): CodeIgniter\Debug\Exceptions->errorHandler(2, 'Undefined variable $content', 'E:\\Development\\Laragon\\laragon\\www\\frame-igni\\app\\Views\\template.php', 279)
 2 SYSTEMPATH\View\View.php(224): include('E:\\Development\\Laragon\\laragon\\www\\frame-igni\\app\\Views\\template.php')
 3 SYSTEMPATH\View\View.php(227): CodeIgniter\View\View->CodeIgniter\View\{closure}()
 4 SYSTEMPATH\Common.php(1173): CodeIgniter\View\View->render('template', [], true)
 5 APPPATH\Controllers\Template.php(7): view('template')
 6 SYSTEMPATH\CodeIgniter.php(933): App\Controllers\Template->index()
 7 SYSTEMPATH\CodeIgniter.php(507): CodeIgniter\CodeIgniter->runController(Object(App\Controllers\Template))
 8 SYSTEMPATH\CodeIgniter.php(354): CodeIgniter\CodeIgniter->handleRequest(null, Object(Config\Cache), false)
 9 SYSTEMPATH\Boot.php(334): CodeIgniter\CodeIgniter->run()
10 SYSTEMPATH\Boot.php(67): CodeIgniter\Boot::runCodeIgniter(Object(CodeIgniter\CodeIgniter))
11 FCPATH\index.php(56): CodeIgniter\Boot::bootWeb(Object(Config\Paths))
CRITICAL - 2025-05-14 01:45:15 --> CodeIgniter\View\Exceptions\ViewException: Invalid file: "v_dashboard.php"
[Method: GET, Route: navigasi]
in SYSTEMPATH\Exceptions\FrameworkException.php on line 39.
 1 SYSTEMPATH\View\View.php(212): CodeIgniter\Exceptions\FrameworkException::forInvalidFile('v_dashboard.php')
 2 SYSTEMPATH\Common.php(1173): CodeIgniter\View\View->render('v_dashboard', [], true)
 3 APPPATH\Controllers\Navigasi.php(7): view('v_dashboard')
 4 SYSTEMPATH\CodeIgniter.php(933): App\Controllers\Navigasi->index()
 5 SYSTEMPATH\CodeIgniter.php(507): CodeIgniter\CodeIgniter->runController(Object(App\Controllers\Navigasi))
 6 SYSTEMPATH\CodeIgniter.php(354): CodeIgniter\CodeIgniter->handleRequest(null, Object(Config\Cache), false)
 7 SYSTEMPATH\Boot.php(334): CodeIgniter\CodeIgniter->run()
 8 SYSTEMPATH\Boot.php(67): CodeIgniter\Boot::runCodeIgniter(Object(CodeIgniter\CodeIgniter))
 9 FCPATH\index.php(56): CodeIgniter\Boot::bootWeb(Object(Config\Paths))
CRITICAL - 2025-05-14 01:45:56 --> ErrorException: Undefined variable $content
[Method: GET, Route: template]
in APPPATH\Views\template.php on line 279.
 1 APPPATH\Views\template.php(279): CodeIgniter\Debug\Exceptions->errorHandler(2, 'Undefined variable $content', 'E:\\Development\\Laragon\\laragon\\www\\frame-igni\\app\\Views\\template.php', 279)
 2 SYSTEMPATH\View\View.php(224): include('E:\\Development\\Laragon\\laragon\\www\\frame-igni\\app\\Views\\template.php')
 3 SYSTEMPATH\View\View.php(227): CodeIgniter\View\View->CodeIgniter\View\{closure}()
 4 SYSTEMPATH\Common.php(1173): CodeIgniter\View\View->render('template', [], true)
 5 APPPATH\Controllers\Template.php(7): view('template')
 6 SYSTEMPATH\CodeIgniter.php(933): App\Controllers\Template->index()
 7 SYSTEMPATH\CodeIgniter.php(507): CodeIgniter\CodeIgniter->runController(Object(App\Controllers\Template))
 8 SYSTEMPATH\CodeIgniter.php(354): CodeIgniter\CodeIgniter->handleRequest(null, Object(Config\Cache), false)
 9 SYSTEMPATH\Boot.php(334): CodeIgniter\CodeIgniter->run()
10 SYSTEMPATH\Boot.php(67): CodeIgniter\Boot::runCodeIgniter(Object(CodeIgniter\CodeIgniter))
11 FCPATH\index.php(56): CodeIgniter\Boot::bootWeb(Object(Config\Paths))
CRITICAL - 2025-05-14 01:47:46 --> ErrorException: Undefined variable $content
[Method: GET, Route: template]
in APPPATH\Views\template.php on line 279.
 1 APPPATH\Views\template.php(279): CodeIgniter\Debug\Exceptions->errorHandler(2, 'Undefined variable $content', 'E:\\Development\\Laragon\\laragon\\www\\frame-igni\\app\\Views\\template.php', 279)
 2 SYSTEMPATH\View\View.php(224): include('E:\\Development\\Laragon\\laragon\\www\\frame-igni\\app\\Views\\template.php')
 3 SYSTEMPATH\View\View.php(227): CodeIgniter\View\View->CodeIgniter\View\{closure}()
 4 SYSTEMPATH\Common.php(1173): CodeIgniter\View\View->render('template', [], true)
 5 APPPATH\Controllers\Template.php(7): view('template')
 6 SYSTEMPATH\CodeIgniter.php(933): App\Controllers\Template->index()
 7 SYSTEMPATH\CodeIgniter.php(507): CodeIgniter\CodeIgniter->runController(Object(App\Controllers\Template))
 8 SYSTEMPATH\CodeIgniter.php(354): CodeIgniter\CodeIgniter->handleRequest(null, Object(Config\Cache), false)
 9 SYSTEMPATH\Boot.php(334): CodeIgniter\CodeIgniter->run()
10 SYSTEMPATH\Boot.php(67): CodeIgniter\Boot::runCodeIgniter(Object(CodeIgniter\CodeIgniter))
11 FCPATH\index.php(56): CodeIgniter\Boot::bootWeb(Object(Config\Paths))
CRITICAL - 2025-05-14 02:09:04 --> ErrorException: Undefined variable $tile
[Method: GET, Route: mahasiswa]
in APPPATH\Views\v_mahasiswa.php on line 13.
 1 APPPATH\Views\v_mahasiswa.php(13): CodeIgniter\Debug\Exceptions->errorHandler(2, 'Undefined variable $tile', 'E:\\Development\\Laragon\\laragon\\www\\frame-igni\\app\\Views\\v_mahasiswa.php', 13)
 2 SYSTEMPATH\View\View.php(224): include('E:\\Development\\Laragon\\laragon\\www\\frame-igni\\app\\Views\\v_mahasiswa.php')
 3 SYSTEMPATH\View\View.php(227): CodeIgniter\View\View->CodeIgniter\View\{closure}()
 4 SYSTEMPATH\Common.php(1173): CodeIgniter\View\View->render('v_mahasiswa', [], true)
 5 APPPATH\Views\template.php(279): view('v_mahasiswa')
 6 SYSTEMPATH\View\View.php(224): include('E:\\Development\\Laragon\\laragon\\www\\frame-igni\\app\\Views\\template.php')
 7 SYSTEMPATH\View\View.php(227): CodeIgniter\View\View->CodeIgniter\View\{closure}()
 8 SYSTEMPATH\Common.php(1173): CodeIgniter\View\View->render('template', [], true)
 9 APPPATH\Controllers\Mahasiswa.php(11): view('template', [...])
10 SYSTEMPATH\CodeIgniter.php(933): App\Controllers\Mahasiswa->index()
11 SYSTEMPATH\CodeIgniter.php(507): CodeIgniter\CodeIgniter->runController(Object(App\Controllers\Mahasiswa))
12 SYSTEMPATH\CodeIgniter.php(354): CodeIgniter\CodeIgniter->handleRequest(null, Object(Config\Cache), false)
13 SYSTEMPATH\Boot.php(334): CodeIgniter\CodeIgniter->run()
14 SYSTEMPATH\Boot.php(67): CodeIgniter\Boot::runCodeIgniter(Object(CodeIgniter\CodeIgniter))
15 FCPATH\index.php(56): CodeIgniter\Boot::bootWeb(Object(Config\Paths))
CRITICAL - 2025-05-14 02:09:09 --> ErrorException: Undefined variable $tile
[Method: GET, Route: mahasiswa]
in APPPATH\Views\v_mahasiswa.php on line 13.
 1 APPPATH\Views\v_mahasiswa.php(13): CodeIgniter\Debug\Exceptions->errorHandler(2, 'Undefined variable $tile', 'E:\\Development\\Laragon\\laragon\\www\\frame-igni\\app\\Views\\v_mahasiswa.php', 13)
 2 SYSTEMPATH\View\View.php(224): include('E:\\Development\\Laragon\\laragon\\www\\frame-igni\\app\\Views\\v_mahasiswa.php')
 3 SYSTEMPATH\View\View.php(227): CodeIgniter\View\View->CodeIgniter\View\{closure}()
 4 SYSTEMPATH\Common.php(1173): CodeIgniter\View\View->render('v_mahasiswa', [], true)
 5 APPPATH\Views\template.php(279): view('v_mahasiswa')
 6 SYSTEMPATH\View\View.php(224): include('E:\\Development\\Laragon\\laragon\\www\\frame-igni\\app\\Views\\template.php')
 7 SYSTEMPATH\View\View.php(227): CodeIgniter\View\View->CodeIgniter\View\{closure}()
 8 SYSTEMPATH\Common.php(1173): CodeIgniter\View\View->render('template', [], true)
 9 APPPATH\Controllers\Mahasiswa.php(11): view('template', [...])
10 SYSTEMPATH\CodeIgniter.php(933): App\Controllers\Mahasiswa->index()
11 SYSTEMPATH\CodeIgniter.php(507): CodeIgniter\CodeIgniter->runController(Object(App\Controllers\Mahasiswa))
12 SYSTEMPATH\CodeIgniter.php(354): CodeIgniter\CodeIgniter->handleRequest(null, Object(Config\Cache), false)
13 SYSTEMPATH\Boot.php(334): CodeIgniter\CodeIgniter->run()
14 SYSTEMPATH\Boot.php(67): CodeIgniter\Boot::runCodeIgniter(Object(CodeIgniter\CodeIgniter))
15 FCPATH\index.php(56): CodeIgniter\Boot::bootWeb(Object(Config\Paths))
CRITICAL - 2025-05-14 02:28:05 --> Error: Call to undefined function form_open()
[Method: GET, Route: mahasiswa]
in APPPATH\Views\v_mahasiswa.php on line 49.
 1 SYSTEMPATH\View\View.php(224): include()
 2 SYSTEMPATH\View\View.php(227): CodeIgniter\View\View->CodeIgniter\View\{closure}()
 3 SYSTEMPATH\Common.php(1173): CodeIgniter\View\View->render('v_mahasiswa', [], true)
 4 APPPATH\Views\template.php(279): view('v_mahasiswa')
 5 SYSTEMPATH\View\View.php(224): include('E:\\Development\\Laragon\\laragon\\www\\frame-igni\\app\\Views\\template.php')
 6 SYSTEMPATH\View\View.php(227): CodeIgniter\View\View->CodeIgniter\View\{closure}()
 7 SYSTEMPATH\Common.php(1173): CodeIgniter\View\View->render('template', [], true)
 8 APPPATH\Controllers\Mahasiswa.php(11): view('template', [...])
 9 SYSTEMPATH\CodeIgniter.php(933): App\Controllers\Mahasiswa->index()
10 SYSTEMPATH\CodeIgniter.php(507): CodeIgniter\CodeIgniter->runController(Object(App\Controllers\Mahasiswa))
11 SYSTEMPATH\CodeIgniter.php(354): CodeIgniter\CodeIgniter->handleRequest(null, Object(Config\Cache), false)
12 SYSTEMPATH\Boot.php(334): CodeIgniter\CodeIgniter->run()
13 SYSTEMPATH\Boot.php(67): CodeIgniter\Boot::runCodeIgniter(Object(CodeIgniter\CodeIgniter))
14 FCPATH\index.php(56): CodeIgniter\Boot::bootWeb(Object(Config\Paths))
CRITICAL - 2025-05-14 02:29:02 --> Error: Call to undefined function form_open()
[Method: GET, Route: mahasiswa/add]
in APPPATH\Views\v_mahasiswa_add.php on line 3.
 1 SYSTEMPATH\View\View.php(224): include()
 2 SYSTEMPATH\View\View.php(227): CodeIgniter\View\View->CodeIgniter\View\{closure}()
 3 SYSTEMPATH\Common.php(1173): CodeIgniter\View\View->render('v_mahasiswa_add', [], true)
 4 APPPATH\Views\template.php(279): view('v_mahasiswa_add')
 5 SYSTEMPATH\View\View.php(224): include('E:\\Development\\Laragon\\laragon\\www\\frame-igni\\app\\Views\\template.php')
 6 SYSTEMPATH\View\View.php(227): CodeIgniter\View\View->CodeIgniter\View\{closure}()
 7 SYSTEMPATH\Common.php(1173): CodeIgniter\View\View->render('template', [], true)
 8 APPPATH\Controllers\Mahasiswa.php(19): view('template', [...])
 9 SYSTEMPATH\CodeIgniter.php(933): App\Controllers\Mahasiswa->add()
10 SYSTEMPATH\CodeIgniter.php(507): CodeIgniter\CodeIgniter->runController(Object(App\Controllers\Mahasiswa))
11 SYSTEMPATH\CodeIgniter.php(354): CodeIgniter\CodeIgniter->handleRequest(null, Object(Config\Cache), false)
12 SYSTEMPATH\Boot.php(334): CodeIgniter\CodeIgniter->run()
13 SYSTEMPATH\Boot.php(67): CodeIgniter\Boot::runCodeIgniter(Object(CodeIgniter\CodeIgniter))
14 FCPATH\index.php(56): CodeIgniter\Boot::bootWeb(Object(Config\Paths))
DEBUG - 2025-05-14 02:41:48 --> Session: Class initialized using 'CodeIgniter\Session\Handlers\FileHandler' driver.
DEBUG - 2025-05-14 02:41:48 --> Session: Class initialized using 'CodeIgniter\Session\Handlers\FileHandler' driver.
DEBUG - 2025-05-14 02:42:09 --> Session: Class initialized using 'CodeIgniter\Session\Handlers\FileHandler' driver.
DEBUG - 2025-05-14 02:42:09 --> Session: Class initialized using 'CodeIgniter\Session\Handlers\FileHandler' driver.
DEBUG - 2025-05-14 02:43:10 --> Session: Class initialized using 'CodeIgniter\Session\Handlers\FileHandler' driver.
DEBUG - 2025-05-14 02:43:13 --> Session: Class initialized using 'CodeIgniter\Session\Handlers\FileHandler' driver.
DEBUG - 2025-05-14 02:43:14 --> Session: Class initialized using 'CodeIgniter\Session\Handlers\FileHandler' driver.
DEBUG - 2025-05-14 02:44:59 --> Session: Class initialized using 'CodeIgniter\Session\Handlers\FileHandler' driver.
DEBUG - 2025-05-14 02:48:41 --> Session: Class initialized using 'CodeIgniter\Session\Handlers\FileHandler' driver.
DEBUG - 2025-05-14 02:48:42 --> Session: Class initialized using 'CodeIgniter\Session\Handlers\FileHandler' driver.
DEBUG - 2025-05-14 02:58:30 --> Session: Class initialized using 'CodeIgniter\Session\Handlers\FileHandler' driver.
DEBUG - 2025-05-14 02:58:30 --> Session: Class initialized using 'CodeIgniter\Session\Handlers\FileHandler' driver.
DEBUG - 2025-05-14 02:58:40 --> Session: Class initialized using 'CodeIgniter\Session\Handlers\FileHandler' driver.
DEBUG - 2025-05-14 03:06:26 --> Session: Class initialized using 'CodeIgniter\Session\Handlers\FileHandler' driver.
DEBUG - 2025-05-14 03:06:26 --> Session: Class initialized using 'CodeIgniter\Session\Handlers\FileHandler' driver.
DEBUG - 2025-05-14 03:12:00 --> Session: Class initialized using 'CodeIgniter\Session\Handlers\FileHandler' driver.
CRITICAL - 2025-05-14 03:12:00 --> TypeError: form_input(): Argument #2 ($value) must be of type string, null given, called in E:\Development\Laragon\laragon\www\frame-igni\app\Views\v_mahasiswa_add.php on line 8
[Method: GET, Route: mahasiswa/add]
in SYSTEMPATH\Helpers\form_helper.php on line 146.
 1 APPPATH\Views\v_mahasiswa_add.php(8): form_input('nim', null, [...])
 2 SYSTEMPATH\View\View.php(224): include('E:\\Development\\Laragon\\laragon\\www\\frame-igni\\app\\Views\\v_mahasiswa_add.php')
 3 SYSTEMPATH\View\View.php(227): CodeIgniter\View\View->CodeIgniter\View\{closure}()
 4 SYSTEMPATH\Common.php(1173): CodeIgniter\View\View->render('v_mahasiswa_add', [], true)
 5 APPPATH\Views\template.php(279): view('v_mahasiswa_add')
 6 SYSTEMPATH\View\View.php(224): include('E:\\Development\\Laragon\\laragon\\www\\frame-igni\\app\\Views\\template.php')
 7 SYSTEMPATH\View\View.php(227): CodeIgniter\View\View->CodeIgniter\View\{closure}()
 8 SYSTEMPATH\Common.php(1173): CodeIgniter\View\View->render('template', [], true)
 9 APPPATH\Controllers\Mahasiswa.php(23): view('template', [...])
10 SYSTEMPATH\CodeIgniter.php(933): App\Controllers\Mahasiswa->add()
11 SYSTEMPATH\CodeIgniter.php(507): CodeIgniter\CodeIgniter->runController(Object(App\Controllers\Mahasiswa))
12 SYSTEMPATH\CodeIgniter.php(354): CodeIgniter\CodeIgniter->handleRequest(null, Object(Config\Cache), false)
13 SYSTEMPATH\Boot.php(334): CodeIgniter\CodeIgniter->run()
14 SYSTEMPATH\Boot.php(67): CodeIgniter\Boot::runCodeIgniter(Object(CodeIgniter\CodeIgniter))
15 FCPATH\index.php(56): CodeIgniter\Boot::bootWeb(Object(Config\Paths))
DEBUG - 2025-05-14 03:12:15 --> Session: Class initialized using 'CodeIgniter\Session\Handlers\FileHandler' driver.
DEBUG - 2025-05-14 03:12:17 --> Session: Class initialized using 'CodeIgniter\Session\Handlers\FileHandler' driver.
CRITICAL - 2025-05-14 03:12:17 --> TypeError: form_input(): Argument #2 ($value) must be of type string, null given, called in E:\Development\Laragon\laragon\www\frame-igni\app\Views\v_mahasiswa_add.php on line 8
[Method: GET, Route: mahasiswa/add]
in SYSTEMPATH\Helpers\form_helper.php on line 146.
 1 APPPATH\Views\v_mahasiswa_add.php(8): form_input('nim', null, [...])
 2 SYSTEMPATH\View\View.php(224): include('E:\\Development\\Laragon\\laragon\\www\\frame-igni\\app\\Views\\v_mahasiswa_add.php')
 3 SYSTEMPATH\View\View.php(227): CodeIgniter\View\View->CodeIgniter\View\{closure}()
 4 SYSTEMPATH\Common.php(1173): CodeIgniter\View\View->render('v_mahasiswa_add', [], true)
 5 APPPATH\Views\template.php(279): view('v_mahasiswa_add')
 6 SYSTEMPATH\View\View.php(224): include('E:\\Development\\Laragon\\laragon\\www\\frame-igni\\app\\Views\\template.php')
 7 SYSTEMPATH\View\View.php(227): CodeIgniter\View\View->CodeIgniter\View\{closure}()
 8 SYSTEMPATH\Common.php(1173): CodeIgniter\View\View->render('template', [], true)
 9 APPPATH\Controllers\Mahasiswa.php(23): view('template', [...])
10 SYSTEMPATH\CodeIgniter.php(933): App\Controllers\Mahasiswa->add()
11 SYSTEMPATH\CodeIgniter.php(507): CodeIgniter\CodeIgniter->runController(Object(App\Controllers\Mahasiswa))
12 SYSTEMPATH\CodeIgniter.php(354): CodeIgniter\CodeIgniter->handleRequest(null, Object(Config\Cache), false)
13 SYSTEMPATH\Boot.php(334): CodeIgniter\CodeIgniter->run()
14 SYSTEMPATH\Boot.php(67): CodeIgniter\Boot::runCodeIgniter(Object(CodeIgniter\CodeIgniter))
15 FCPATH\index.php(56): CodeIgniter\Boot::bootWeb(Object(Config\Paths))
DEBUG - 2025-05-14 03:13:56 --> Session: Class initialized using 'CodeIgniter\Session\Handlers\FileHandler' driver.
DEBUG - 2025-05-14 03:14:11 --> Session: Class initialized using 'CodeIgniter\Session\Handlers\FileHandler' driver.
DEBUG - 2025-05-14 03:14:11 --> Session: Class initialized using 'CodeIgniter\Session\Handlers\FileHandler' driver.
DEBUG - 2025-05-14 03:14:13 --> Session: Class initialized using 'CodeIgniter\Session\Handlers\FileHandler' driver.
DEBUG - 2025-05-14 03:14:13 --> Session: Class initialized using 'CodeIgniter\Session\Handlers\FileHandler' driver.
DEBUG - 2025-05-14 03:14:21 --> Session: Class initialized using 'CodeIgniter\Session\Handlers\FileHandler' driver.
DEBUG - 2025-05-14 03:14:21 --> Session: Class initialized using 'CodeIgniter\Session\Handlers\FileHandler' driver.
DEBUG - 2025-05-14 03:14:28 --> Session: Class initialized using 'CodeIgniter\Session\Handlers\FileHandler' driver.
DEBUG - 2025-05-14 03:14:28 --> Session: Class initialized using 'CodeIgniter\Session\Handlers\FileHandler' driver.
DEBUG - 2025-05-14 03:15:31 --> Session: Class initialized using 'CodeIgniter\Session\Handlers\FileHandler' driver.
DEBUG - 2025-05-14 03:15:39 --> Session: Class initialized using 'CodeIgniter\Session\Handlers\FileHandler' driver.
DEBUG - 2025-05-14 03:15:39 --> Session: Class initialized using 'CodeIgniter\Session\Handlers\FileHandler' driver.
DEBUG - 2025-05-14 03:18:06 --> Session: Class initialized using 'CodeIgniter\Session\Handlers\FileHandler' driver.
DEBUG - 2025-05-14 03:18:31 --> Session: Class initialized using 'CodeIgniter\Session\Handlers\FileHandler' driver.
DEBUG - 2025-05-14 03:18:31 --> Session: Class initialized using 'CodeIgniter\Session\Handlers\FileHandler' driver.
DEBUG - 2025-05-14 03:18:50 --> Session: Class initialized using 'CodeIgniter\Session\Handlers\FileHandler' driver.
DEBUG - 2025-05-14 03:18:59 --> Session: Class initialized using 'CodeIgniter\Session\Handlers\FileHandler' driver.
DEBUG - 2025-05-14 03:18:59 --> Session: Class initialized using 'CodeIgniter\Session\Handlers\FileHandler' driver.
DEBUG - 2025-05-14 03:19:04 --> Session: Class initialized using 'CodeIgniter\Session\Handlers\FileHandler' driver.
DEBUG - 2025-05-14 03:19:09 --> Session: Class initialized using 'CodeIgniter\Session\Handlers\FileHandler' driver.
DEBUG - 2025-05-14 03:19:10 --> Session: Class initialized using 'CodeIgniter\Session\Handlers\FileHandler' driver.
