CRITICAL - 2025-06-04 03:57:05 --> CodeIgniter\View\Exceptions\ViewException: Invalid file: "templates.php"
[Method: GET, Route: dosen]
in SYSTEMPATH\Exceptions\FrameworkException.php on line 39.
 1 SYSTEMPATH\View\View.php(212): CodeIgniter\Exceptions\FrameworkException::forInvalidFile('templates.php')
 2 SYSTEMPATH\Common.php(1173): CodeIgniter\View\View->render('templates', [], true)
 3 APPPATH\Modules\Dosen\Controllers\Dosen.php(17): view('templates', [...])
 4 SYSTEMPATH\CodeIgniter.php(933): App\Modules\Dosen\Controllers\Dosen->index()
 5 SYSTEMPATH\CodeIgniter.php(507): CodeIgniter\CodeIgniter->runController(Object(App\Modules\Dosen\Controllers\Dosen))
 6 SYSTEMPATH\CodeIgniter.php(354): CodeIgniter\CodeIgniter->handleRequest(null, Object(Config\Cache), false)
 7 SYSTEMPATH\Boot.php(334): CodeIgniter\CodeIgniter->run()
 8 SYSTEMPATH\Boot.php(67): CodeIgniter\Boot::runCodeIgniter(Object(CodeIgniter\CodeIgniter))
 9 FCPATH\index.php(56): CodeIgniter\Boot::bootWeb(Object(Config\Paths))
CRITICAL - 2025-06-04 03:59:19 --> CodeIgniter\View\Exceptions\ViewException: Invalid file: "templates.php"
[Method: GET, Route: dosen]
in SYSTEMPATH\Exceptions\FrameworkException.php on line 39.
 1 SYSTEMPATH\View\View.php(212): CodeIgniter\Exceptions\FrameworkException::forInvalidFile('templates.php')
 2 SYSTEMPATH\Common.php(1173): CodeIgniter\View\View->render('templates', [], true)
 3 APPPATH\Modules\Dosen\Controllers\Dosen.php(17): view('templates', [...])
 4 SYSTEMPATH\CodeIgniter.php(933): App\Modules\Dosen\Controllers\Dosen->index()
 5 SYSTEMPATH\CodeIgniter.php(507): CodeIgniter\CodeIgniter->runController(Object(App\Modules\Dosen\Controllers\Dosen))
 6 SYSTEMPATH\CodeIgniter.php(354): CodeIgniter\CodeIgniter->handleRequest(null, Object(Config\Cache), false)
 7 SYSTEMPATH\Boot.php(334): CodeIgniter\CodeIgniter->run()
 8 SYSTEMPATH\Boot.php(67): CodeIgniter\Boot::runCodeIgniter(Object(CodeIgniter\CodeIgniter))
 9 FCPATH\index.php(56): CodeIgniter\Boot::bootWeb(Object(Config\Paths))
CRITICAL - 2025-06-04 03:59:57 --> CodeIgniter\View\Exceptions\ViewException: Invalid file: "templates.php"
[Method: GET, Route: dosen]
in SYSTEMPATH\Exceptions\FrameworkException.php on line 39.
 1 SYSTEMPATH\View\View.php(212): CodeIgniter\Exceptions\FrameworkException::forInvalidFile('templates.php')
 2 SYSTEMPATH\Common.php(1173): CodeIgniter\View\View->render('templates', [], true)
 3 APPPATH\Modules\Dosen\Controllers\Dosen.php(17): view('templates', [...])
 4 SYSTEMPATH\CodeIgniter.php(933): App\Modules\Dosen\Controllers\Dosen->index()
 5 SYSTEMPATH\CodeIgniter.php(507): CodeIgniter\CodeIgniter->runController(Object(App\Modules\Dosen\Controllers\Dosen))
 6 SYSTEMPATH\CodeIgniter.php(354): CodeIgniter\CodeIgniter->handleRequest(null, Object(Config\Cache), false)
 7 SYSTEMPATH\Boot.php(334): CodeIgniter\CodeIgniter->run()
 8 SYSTEMPATH\Boot.php(67): CodeIgniter\Boot::runCodeIgniter(Object(CodeIgniter\CodeIgniter))
 9 FCPATH\index.php(56): CodeIgniter\Boot::bootWeb(Object(Config\Paths))
CRITICAL - 2025-06-04 04:02:42 --> CodeIgniter\View\Exceptions\ViewException: Invalid file: "\App\Modules\Dosen\Views\v_dosen_add.php"
[Method: GET, Route: dosen/add]
in SYSTEMPATH\Exceptions\FrameworkException.php on line 39.
 1 SYSTEMPATH\View\View.php(212): CodeIgniter\Exceptions\FrameworkException::forInvalidFile('\\App\\Modules\\Dosen\\Views\\v_dosen_add.php')
 2 SYSTEMPATH\Common.php(1173): CodeIgniter\View\View->render('\\App\\Modules\\Dosen\\Views\\v_dosen_add', [], true)
 3 APPPATH\Views\template.php(314): view('\\App\\Modules\\Dosen\\Views\\v_dosen_add')
 4 SYSTEMPATH\View\View.php(224): include('E:\\Development\\Laragon\\laragon\\www\\frame-igni\\app\\Views\\template.php')
 5 SYSTEMPATH\View\View.php(227): CodeIgniter\View\View->CodeIgniter\View\{closure}()
 6 SYSTEMPATH\Common.php(1173): CodeIgniter\View\View->render('template', [], true)
 7 APPPATH\Modules\Dosen\Controllers\Dosen.php(27): view('template', [...])
 8 SYSTEMPATH\CodeIgniter.php(933): App\Modules\Dosen\Controllers\Dosen->add()
 9 SYSTEMPATH\CodeIgniter.php(507): CodeIgniter\CodeIgniter->runController(Object(App\Modules\Dosen\Controllers\Dosen))
10 SYSTEMPATH\CodeIgniter.php(354): CodeIgniter\CodeIgniter->handleRequest(null, Object(Config\Cache), false)
11 SYSTEMPATH\Boot.php(334): CodeIgniter\CodeIgniter->run()
12 SYSTEMPATH\Boot.php(67): CodeIgniter\Boot::runCodeIgniter(Object(CodeIgniter\CodeIgniter))
13 FCPATH\index.php(56): CodeIgniter\Boot::bootWeb(Object(Config\Paths))
CRITICAL - 2025-06-04 04:03:23 --> CodeIgniter\View\Exceptions\ViewException: Invalid file: "\App\Modules\Dosen\Views\v_dosen_add.php"
[Method: GET, Route: dosen/add]
in SYSTEMPATH\Exceptions\FrameworkException.php on line 39.
 1 SYSTEMPATH\View\View.php(212): CodeIgniter\Exceptions\FrameworkException::forInvalidFile('\\App\\Modules\\Dosen\\Views\\v_dosen_add.php')
 2 SYSTEMPATH\Common.php(1173): CodeIgniter\View\View->render('\\App\\Modules\\Dosen\\Views\\v_dosen_add', [], true)
 3 APPPATH\Views\template.php(314): view('\\App\\Modules\\Dosen\\Views\\v_dosen_add')
 4 SYSTEMPATH\View\View.php(224): include('E:\\Development\\Laragon\\laragon\\www\\frame-igni\\app\\Views\\template.php')
 5 SYSTEMPATH\View\View.php(227): CodeIgniter\View\View->CodeIgniter\View\{closure}()
 6 SYSTEMPATH\Common.php(1173): CodeIgniter\View\View->render('template', [], true)
 7 APPPATH\Modules\Dosen\Controllers\Dosen.php(27): view('template', [...])
 8 SYSTEMPATH\CodeIgniter.php(933): App\Modules\Dosen\Controllers\Dosen->add()
 9 SYSTEMPATH\CodeIgniter.php(507): CodeIgniter\CodeIgniter->runController(Object(App\Modules\Dosen\Controllers\Dosen))
10 SYSTEMPATH\CodeIgniter.php(354): CodeIgniter\CodeIgniter->handleRequest(null, Object(Config\Cache), false)
11 SYSTEMPATH\Boot.php(334): CodeIgniter\CodeIgniter->run()
12 SYSTEMPATH\Boot.php(67): CodeIgniter\Boot::runCodeIgniter(Object(CodeIgniter\CodeIgniter))
13 FCPATH\index.php(56): CodeIgniter\Boot::bootWeb(Object(Config\Paths))
CRITICAL - 2025-06-04 04:04:01 --> CodeIgniter\View\Exceptions\ViewException: Invalid file: "\App\Modules\Dosen\Views\v_dosen_add.php"
[Method: GET, Route: dosen/add]
in SYSTEMPATH\Exceptions\FrameworkException.php on line 39.
 1 SYSTEMPATH\View\View.php(212): CodeIgniter\Exceptions\FrameworkException::forInvalidFile('\\App\\Modules\\Dosen\\Views\\v_dosen_add.php')
 2 SYSTEMPATH\Common.php(1173): CodeIgniter\View\View->render('\\App\\Modules\\Dosen\\Views\\v_dosen_add', [], true)
 3 APPPATH\Views\template.php(314): view('\\App\\Modules\\Dosen\\Views\\v_dosen_add')
 4 SYSTEMPATH\View\View.php(224): include('E:\\Development\\Laragon\\laragon\\www\\frame-igni\\app\\Views\\template.php')
 5 SYSTEMPATH\View\View.php(227): CodeIgniter\View\View->CodeIgniter\View\{closure}()
 6 SYSTEMPATH\Common.php(1173): CodeIgniter\View\View->render('template', [], true)
 7 APPPATH\Modules\Dosen\Controllers\Dosen.php(27): view('template', [...])
 8 SYSTEMPATH\CodeIgniter.php(933): App\Modules\Dosen\Controllers\Dosen->add()
 9 SYSTEMPATH\CodeIgniter.php(507): CodeIgniter\CodeIgniter->runController(Object(App\Modules\Dosen\Controllers\Dosen))
10 SYSTEMPATH\CodeIgniter.php(354): CodeIgniter\CodeIgniter->handleRequest(null, Object(Config\Cache), false)
11 SYSTEMPATH\Boot.php(334): CodeIgniter\CodeIgniter->run()
12 SYSTEMPATH\Boot.php(67): CodeIgniter\Boot::runCodeIgniter(Object(CodeIgniter\CodeIgniter))
13 FCPATH\index.php(56): CodeIgniter\Boot::bootWeb(Object(Config\Paths))
CRITICAL - 2025-06-04 04:05:11 --> CodeIgniter\View\Exceptions\ViewException: Invalid file: "Modules\Dosen\Views\v_dosen_add.php"
[Method: GET, Route: dosen/add]
in SYSTEMPATH\Exceptions\FrameworkException.php on line 39.
 1 SYSTEMPATH\View\View.php(212): CodeIgniter\Exceptions\FrameworkException::forInvalidFile('Modules\\Dosen\\Views\\v_dosen_add.php')
 2 SYSTEMPATH\Common.php(1173): CodeIgniter\View\View->render('Modules\\Dosen\\Views\\v_dosen_add', [], true)
 3 APPPATH\Views\template.php(314): view('Modules\\Dosen\\Views\\v_dosen_add')
 4 SYSTEMPATH\View\View.php(224): include('E:\\Development\\Laragon\\laragon\\www\\frame-igni\\app\\Views\\template.php')
 5 SYSTEMPATH\View\View.php(227): CodeIgniter\View\View->CodeIgniter\View\{closure}()
 6 SYSTEMPATH\Common.php(1173): CodeIgniter\View\View->render('template', [], true)
 7 APPPATH\Modules\Dosen\Controllers\Dosen.php(27): view('template', [...])
 8 SYSTEMPATH\CodeIgniter.php(933): App\Modules\Dosen\Controllers\Dosen->add()
 9 SYSTEMPATH\CodeIgniter.php(507): CodeIgniter\CodeIgniter->runController(Object(App\Modules\Dosen\Controllers\Dosen))
10 SYSTEMPATH\CodeIgniter.php(354): CodeIgniter\CodeIgniter->handleRequest(null, Object(Config\Cache), false)
11 SYSTEMPATH\Boot.php(334): CodeIgniter\CodeIgniter->run()
12 SYSTEMPATH\Boot.php(67): CodeIgniter\Boot::runCodeIgniter(Object(CodeIgniter\CodeIgniter))
13 FCPATH\index.php(56): CodeIgniter\Boot::bootWeb(Object(Config\Paths))
CRITICAL - 2025-06-04 04:05:13 --> CodeIgniter\View\Exceptions\ViewException: Invalid file: "Modules\Dosen\Views\v_dosen_add.php"
[Method: GET, Route: dosen/add]
in SYSTEMPATH\Exceptions\FrameworkException.php on line 39.
 1 SYSTEMPATH\View\View.php(212): CodeIgniter\Exceptions\FrameworkException::forInvalidFile('Modules\\Dosen\\Views\\v_dosen_add.php')
 2 SYSTEMPATH\Common.php(1173): CodeIgniter\View\View->render('Modules\\Dosen\\Views\\v_dosen_add', [], true)
 3 APPPATH\Views\template.php(314): view('Modules\\Dosen\\Views\\v_dosen_add')
 4 SYSTEMPATH\View\View.php(224): include('E:\\Development\\Laragon\\laragon\\www\\frame-igni\\app\\Views\\template.php')
 5 SYSTEMPATH\View\View.php(227): CodeIgniter\View\View->CodeIgniter\View\{closure}()
 6 SYSTEMPATH\Common.php(1173): CodeIgniter\View\View->render('template', [], true)
 7 APPPATH\Modules\Dosen\Controllers\Dosen.php(27): view('template', [...])
 8 SYSTEMPATH\CodeIgniter.php(933): App\Modules\Dosen\Controllers\Dosen->add()
 9 SYSTEMPATH\CodeIgniter.php(507): CodeIgniter\CodeIgniter->runController(Object(App\Modules\Dosen\Controllers\Dosen))
10 SYSTEMPATH\CodeIgniter.php(354): CodeIgniter\CodeIgniter->handleRequest(null, Object(Config\Cache), false)
11 SYSTEMPATH\Boot.php(334): CodeIgniter\CodeIgniter->run()
12 SYSTEMPATH\Boot.php(67): CodeIgniter\Boot::runCodeIgniter(Object(CodeIgniter\CodeIgniter))
13 FCPATH\index.php(56): CodeIgniter\Boot::bootWeb(Object(Config\Paths))
CRITICAL - 2025-06-04 04:05:19 --> CodeIgniter\View\Exceptions\ViewException: Invalid file: "Modules\Dosen\Views\v_dosen_add.php"
[Method: GET, Route: dosen/add]
in SYSTEMPATH\Exceptions\FrameworkException.php on line 39.
 1 SYSTEMPATH\View\View.php(212): CodeIgniter\Exceptions\FrameworkException::forInvalidFile('Modules\\Dosen\\Views\\v_dosen_add.php')
 2 SYSTEMPATH\Common.php(1173): CodeIgniter\View\View->render('Modules\\Dosen\\Views\\v_dosen_add', [], true)
 3 APPPATH\Views\template.php(314): view('Modules\\Dosen\\Views\\v_dosen_add')
 4 SYSTEMPATH\View\View.php(224): include('E:\\Development\\Laragon\\laragon\\www\\frame-igni\\app\\Views\\template.php')
 5 SYSTEMPATH\View\View.php(227): CodeIgniter\View\View->CodeIgniter\View\{closure}()
 6 SYSTEMPATH\Common.php(1173): CodeIgniter\View\View->render('template', [], true)
 7 APPPATH\Modules\Dosen\Controllers\Dosen.php(27): view('template', [...])
 8 SYSTEMPATH\CodeIgniter.php(933): App\Modules\Dosen\Controllers\Dosen->add()
 9 SYSTEMPATH\CodeIgniter.php(507): CodeIgniter\CodeIgniter->runController(Object(App\Modules\Dosen\Controllers\Dosen))
10 SYSTEMPATH\CodeIgniter.php(354): CodeIgniter\CodeIgniter->handleRequest(null, Object(Config\Cache), false)
11 SYSTEMPATH\Boot.php(334): CodeIgniter\CodeIgniter->run()
12 SYSTEMPATH\Boot.php(67): CodeIgniter\Boot::runCodeIgniter(Object(CodeIgniter\CodeIgniter))
13 FCPATH\index.php(56): CodeIgniter\Boot::bootWeb(Object(Config\Paths))
CRITICAL - 2025-06-04 04:05:49 --> CodeIgniter\View\Exceptions\ViewException: Invalid file: "Modules\Dosen\Views\v_dosen_add.php"
[Method: GET, Route: dosen/add]
in SYSTEMPATH\Exceptions\FrameworkException.php on line 39.
 1 SYSTEMPATH\View\View.php(212): CodeIgniter\Exceptions\FrameworkException::forInvalidFile('Modules\\Dosen\\Views\\v_dosen_add.php')
 2 SYSTEMPATH\Common.php(1173): CodeIgniter\View\View->render('Modules\\Dosen\\Views\\v_dosen_add', [], true)
 3 APPPATH\Views\template.php(314): view('Modules\\Dosen\\Views\\v_dosen_add')
 4 SYSTEMPATH\View\View.php(224): include('E:\\Development\\Laragon\\laragon\\www\\frame-igni\\app\\Views\\template.php')
 5 SYSTEMPATH\View\View.php(227): CodeIgniter\View\View->CodeIgniter\View\{closure}()
 6 SYSTEMPATH\Common.php(1173): CodeIgniter\View\View->render('template', [], true)
 7 APPPATH\Modules\Dosen\Controllers\Dosen.php(27): view('template', [...])
 8 SYSTEMPATH\CodeIgniter.php(933): App\Modules\Dosen\Controllers\Dosen->add()
 9 SYSTEMPATH\CodeIgniter.php(507): CodeIgniter\CodeIgniter->runController(Object(App\Modules\Dosen\Controllers\Dosen))
10 SYSTEMPATH\CodeIgniter.php(354): CodeIgniter\CodeIgniter->handleRequest(null, Object(Config\Cache), false)
11 SYSTEMPATH\Boot.php(334): CodeIgniter\CodeIgniter->run()
12 SYSTEMPATH\Boot.php(67): CodeIgniter\Boot::runCodeIgniter(Object(CodeIgniter\CodeIgniter))
13 FCPATH\index.php(56): CodeIgniter\Boot::bootWeb(Object(Config\Paths))
CRITICAL - 2025-06-04 04:05:53 --> CodeIgniter\View\Exceptions\ViewException: Invalid file: "Modules\Dosen\Views\v_dosen_add.php"
[Method: GET, Route: dosen/add]
in SYSTEMPATH\Exceptions\FrameworkException.php on line 39.
 1 SYSTEMPATH\View\View.php(212): CodeIgniter\Exceptions\FrameworkException::forInvalidFile('Modules\\Dosen\\Views\\v_dosen_add.php')
 2 SYSTEMPATH\Common.php(1173): CodeIgniter\View\View->render('Modules\\Dosen\\Views\\v_dosen_add', [], true)
 3 APPPATH\Views\template.php(314): view('Modules\\Dosen\\Views\\v_dosen_add')
 4 SYSTEMPATH\View\View.php(224): include('E:\\Development\\Laragon\\laragon\\www\\frame-igni\\app\\Views\\template.php')
 5 SYSTEMPATH\View\View.php(227): CodeIgniter\View\View->CodeIgniter\View\{closure}()
 6 SYSTEMPATH\Common.php(1173): CodeIgniter\View\View->render('template', [], true)
 7 APPPATH\Modules\Dosen\Controllers\Dosen.php(27): view('template', [...])
 8 SYSTEMPATH\CodeIgniter.php(933): App\Modules\Dosen\Controllers\Dosen->add()
 9 SYSTEMPATH\CodeIgniter.php(507): CodeIgniter\CodeIgniter->runController(Object(App\Modules\Dosen\Controllers\Dosen))
10 SYSTEMPATH\CodeIgniter.php(354): CodeIgniter\CodeIgniter->handleRequest(null, Object(Config\Cache), false)
11 SYSTEMPATH\Boot.php(334): CodeIgniter\CodeIgniter->run()
12 SYSTEMPATH\Boot.php(67): CodeIgniter\Boot::runCodeIgniter(Object(CodeIgniter\CodeIgniter))
13 FCPATH\index.php(56): CodeIgniter\Boot::bootWeb(Object(Config\Paths))
CRITICAL - 2025-06-04 04:07:25 --> CodeIgniter\View\Exceptions\ViewException: Invalid file: "Modules\Dosen\Views\v_dosen_add.php"
[Method: GET, Route: dosen/add]
in SYSTEMPATH\Exceptions\FrameworkException.php on line 39.
 1 SYSTEMPATH\View\View.php(212): CodeIgniter\Exceptions\FrameworkException::forInvalidFile('Modules\\Dosen\\Views\\v_dosen_add.php')
 2 SYSTEMPATH\Common.php(1173): CodeIgniter\View\View->render('Modules\\Dosen\\Views\\v_dosen_add', [], true)
 3 APPPATH\Views\template.php(314): view('Modules\\Dosen\\Views\\v_dosen_add')
 4 SYSTEMPATH\View\View.php(224): include('E:\\Development\\Laragon\\laragon\\www\\frame-igni\\app\\Views\\template.php')
 5 SYSTEMPATH\View\View.php(227): CodeIgniter\View\View->CodeIgniter\View\{closure}()
 6 SYSTEMPATH\Common.php(1173): CodeIgniter\View\View->render('template', [], true)
 7 APPPATH\Modules\Dosen\Controllers\Dosen.php(27): view('template', [...])
 8 SYSTEMPATH\CodeIgniter.php(933): App\Modules\Dosen\Controllers\Dosen->add()
 9 SYSTEMPATH\CodeIgniter.php(507): CodeIgniter\CodeIgniter->runController(Object(App\Modules\Dosen\Controllers\Dosen))
10 SYSTEMPATH\CodeIgniter.php(354): CodeIgniter\CodeIgniter->handleRequest(null, Object(Config\Cache), false)
11 SYSTEMPATH\Boot.php(334): CodeIgniter\CodeIgniter->run()
12 SYSTEMPATH\Boot.php(67): CodeIgniter\Boot::runCodeIgniter(Object(CodeIgniter\CodeIgniter))
13 FCPATH\index.php(56): CodeIgniter\Boot::bootWeb(Object(Config\Paths))
CRITICAL - 2025-06-04 04:07:42 --> CodeIgniter\View\Exceptions\ViewException: Invalid file: "Modules\Dosen\Views\v_dosen.php"
[Method: GET, Route: dosen]
in SYSTEMPATH\Exceptions\FrameworkException.php on line 39.
 1 SYSTEMPATH\View\View.php(212): CodeIgniter\Exceptions\FrameworkException::forInvalidFile('Modules\\Dosen\\Views\\v_dosen.php')
 2 SYSTEMPATH\Common.php(1173): CodeIgniter\View\View->render('Modules\\Dosen\\Views\\v_dosen', [], true)
 3 APPPATH\Views\template.php(314): view('Modules\\Dosen\\Views\\v_dosen')
 4 SYSTEMPATH\View\View.php(224): include('E:\\Development\\Laragon\\laragon\\www\\frame-igni\\app\\Views\\template.php')
 5 SYSTEMPATH\View\View.php(227): CodeIgniter\View\View->CodeIgniter\View\{closure}()
 6 SYSTEMPATH\Common.php(1173): CodeIgniter\View\View->render('template', [], true)
 7 APPPATH\Modules\Dosen\Controllers\Dosen.php(17): view('template', [...])
 8 SYSTEMPATH\CodeIgniter.php(933): App\Modules\Dosen\Controllers\Dosen->index()
 9 SYSTEMPATH\CodeIgniter.php(507): CodeIgniter\CodeIgniter->runController(Object(App\Modules\Dosen\Controllers\Dosen))
10 SYSTEMPATH\CodeIgniter.php(354): CodeIgniter\CodeIgniter->handleRequest(null, Object(Config\Cache), false)
11 SYSTEMPATH\Boot.php(334): CodeIgniter\CodeIgniter->run()
12 SYSTEMPATH\Boot.php(67): CodeIgniter\Boot::runCodeIgniter(Object(CodeIgniter\CodeIgniter))
13 FCPATH\index.php(56): CodeIgniter\Boot::bootWeb(Object(Config\Paths))
